# JRE version: Java(TM) SE Runtime Environment (8.0_20-b26) (build 1.8.0_20-b26)
# Java VM: Java HotSpot(TM) 64-Bit Server VM (25.20-b23 mixed mode bsd-amd64 compressed oops)
Heap:
 PSYoungGen      total 173056K, used 70645K [0x0000000795580000, 0x00000007a3500000, 0x00000007c0000000)
  eden space 122880K, 57% used [0x0000000795580000,0x0000000799a7d638,0x000000079cd80000)
  from space 50176K, 0% used [0x000000079cd80000,0x000000079cd80000,0x000000079fe80000)
  to   space 50176K, 0% used [0x00000007a0400000,0x00000007a0400000,0x00000007a3500000)
 ParOldGen       total 214016K, used 55323K [0x0000000740000000, 0x000000074d100000, 0x0000000795580000)
  object space 214016K, 25% used [0x0000000740000000,0x0000000743606c28,0x000000074d100000)
 Metaspace       used 8337K, capacity 8553K, committed 8704K, reserved 1056768K
  class space    used 851K, capacity 903K, committed 1024K, reserved 1048576K
GC Heap History (10 events):
Event: 10.123 GC heap before
{Heap before GC invocations=7 (full 2):
 PSYoungGen      total 71680K, used 5090K [0x0000000795580000, 0x00000007a3100000, 0x00000007c0000000)
  eden space 66560K, 0% used [0x0000000795580000,0x0000000795580000,0x0000000799680000)
  from space 5120K, 99% used [0x0000000799680000,0x0000000799b789d0,0x0000000799b80000)
  to   space 51712K, 0% used [0x000000079fe80000,0x000000079fe80000,0x00000007a3100000)
 ParOldGen       total 175616K, used 175044K [0x0000000740000000, 0x000000074ab80000, 0x0000000795580000)
  object space 175616K, 99% used [0x0000000740000000,0x000000074aaf1298,0x000000074ab80000)
 Metaspace       used 7779K, capacity 7929K, committed 8064K, reserved 1056768K
  class space    used 789K, capacity 827K, committed 896K, reserved 1048576K
Event: 10.150 GC heap after
Heap after GC invocations=7 (full 2):
 PSYoungGen      total 71680K, used 0K [0x0000000795580000, 0x00000007a3100000, 0x00000007c0000000)
  eden space 66560K, 0% used [0x0000000795580000,0x0000000795580000,0x0000000799680000)
  from space 5120K, 0% used [0x0000000799680000,0x0000000799680000,0x0000000799b80000)
  to   space 51712K, 0% used [0x000000079fe80000,0x000000079fe80000,0x00000007a3100000)
 ParOldGen       total 214016K, used 114500K [0x0000000740000000, 0x000000074d100000, 0x0000000795580000)
  object space 214016K, 53% used [0x0000000740000000,0x0000000746fd1198,0x000000074d100000)
 Metaspace       used 7779K, capacity 7929K, committed 8064K, reserved 1056768K
  class space    used 789K, capacity 827K, committed 896K, reserved 1048576K
}
Event: 16.555 GC heap before
{Heap before GC invocations=8 (full 2):
 PSYoungGen      total 71680K, used 8377K [0x0000000795580000, 0x00000007a3100000, 0x00000007c0000000)
  eden space 66560K, 12% used [0x0000000795580000,0x0000000795dae620,0x0000000799680000)
  from space 5120K, 0% used [0x0000000799680000,0x0000000799680000,0x0000000799b80000)
  to   space 51712K, 0% used [0x000000079fe80000,0x000000079fe80000,0x00000007a3100000)
 ParOldGen       total 214016K, used 114500K [0x0000000740000000, 0x000000074d100000, 0x0000000795580000)
  object space 214016K, 53% used [0x0000000740000000,0x0000000746fd1198,0x000000074d100000)
 Metaspace       used 7882K, capacity 7993K, committed 8064K, reserved 1056768K
  class space    used 792K, capacity 827K, committed 896K, reserved 1048576K
Event: 16.559 GC heap after
Heap after GC invocations=8 (full 2):
 PSYoungGen      total 174592K, used 6531K [0x0000000795580000, 0x00000007a3500000, 0x00000007c0000000)
  eden space 122880K, 0% used [0x0000000795580000,0x0000000795580000,0x000000079cd80000)
  from space 51712K, 12% used [0x000000079fe80000,0x00000007a04e0c70,0x00000007a3100000)
  to   space 50176K, 0% used [0x000000079cd80000,0x000000079cd80000,0x000000079fe80000)
 ParOldGen       total 214016K, used 114500K [0x0000000740000000, 0x000000074d100000, 0x0000000795580000)
  object space 214016K, 53% used [0x0000000740000000,0x0000000746fd1198,0x000000074d100000)
 Metaspace       used 7882K, capacity 7993K, committed 8064K, reserved 1056768K
  class space    used 792K, capacity 827K, committed 896K, reserved 1048576K
}
Event: 16.559 GC heap before
{Heap before GC invocations=9 (full 3):
 PSYoungGen      total 174592K, used 6531K [0x0000000795580000, 0x00000007a3500000, 0x00000007c0000000)
  eden space 122880K, 0% used [0x0000000795580000,0x0000000795580000,0x000000079cd80000)
  from space 51712K, 12% used [0x000000079fe80000,0x00000007a04e0c70,0x00000007a3100000)
  to   space 50176K, 0% used [0x000000079cd80000,0x000000079cd80000,0x000000079fe80000)
 ParOldGen       total 214016K, used 114500K [0x0000000740000000, 0x000000074d100000, 0x0000000795580000)
  object space 214016K, 53% used [0x0000000740000000,0x0000000746fd1198,0x000000074d100000)
 Metaspace       used 7882K, capacity 7993K, committed 8064K, reserved 1056768K
  class space    used 792K, capacity 827K, committed 896K, reserved 1048576K
Event: 16.600 GC heap after
Heap after GC invocations=9 (full 3):
 PSYoungGen      total 174592K, used 0K [0x0000000795580000, 0x00000007a3500000, 0x00000007c0000000)
  eden space 122880K, 0% used [0x0000000795580000,0x0000000795580000,0x000000079cd80000)
  from space 51712K, 0% used [0x000000079fe80000,0x000000079fe80000,0x00000007a3100000)
  to   space 50176K, 0% used [0x000000079cd80000,0x000000079cd80000,0x000000079fe80000)
 ParOldGen       total 214016K, used 55284K [0x0000000740000000, 0x000000074d100000, 0x0000000795580000)
  object space 214016K, 25% used [0x0000000740000000,0x00000007435fd380,0x000000074d100000)
 Metaspace       used 7882K, capacity 7993K, committed 8064K, reserved 1056768K
  class space    used 792K, capacity 827K, committed 896K, reserved 1048576K
}
Event: 16.637 GC heap before
{Heap before GC invocations=10 (full 3):
 PSYoungGen      total 174592K, used 2378K [0x0000000795580000, 0x00000007a3500000, 0x00000007c0000000)
  eden space 122880K, 1% used [0x0000000795580000,0x00000007957d2ae0,0x000000079cd80000)
  from space 51712K, 0% used [0x000000079fe80000,0x000000079fe80000,0x00000007a3100000)
  to   space 50176K, 0% used [0x000000079cd80000,0x000000079cd80000,0x000000079fe80000)
 ParOldGen       total 214016K, used 55284K [0x0000000740000000, 0x000000074d100000, 0x0000000795580000)
  object space 214016K, 25% used [0x0000000740000000,0x00000007435fd380,0x000000074d100000)
 Metaspace       used 8004K, capacity 8153K, committed 8320K, reserved 1056768K
  class space    used 811K, capacity 859K, committed 896K, reserved 1048576K
Event: 16.638 GC heap after
Heap after GC invocations=10 (full 3):
 PSYoungGen      total 173056K, used 96K [0x0000000795580000, 0x00000007a3500000, 0x00000007c0000000)
  eden space 122880K, 0% used [0x0000000795580000,0x0000000795580000,0x000000079cd80000)
  from space 50176K, 0% used [0x000000079cd80000,0x000000079cd98000,0x000000079fe80000)
  to   space 50176K, 0% used [0x00000007a0400000,0x00000007a0400000,0x00000007a3500000)
 ParOldGen       total 214016K, used 55284K [0x0000000740000000, 0x000000074d100000, 0x0000000795580000)
  object space 214016K, 25% used [0x0000000740000000,0x00000007435fd380,0x000000074d100000)
 Metaspace       used 8004K, capacity 8153K, committed 8320K, reserved 1056768K
  class space    used 811K, capacity 859K, committed 896K, reserved 1048576K
}
Event: 16.638 GC heap before
{Heap before GC invocations=11 (full 4):
 PSYoungGen      total 173056K, used 96K [0x0000000795580000, 0x00000007a3500000, 0x00000007c0000000)
  eden space 122880K, 0% used [0x0000000795580000,0x0000000795580000,0x000000079cd80000)
  from space 50176K, 0% used [0x000000079cd80000,0x000000079cd98000,0x000000079fe80000)
  to   space 50176K, 0% used [0x00000007a0400000,0x00000007a0400000,0x00000007a3500000)
 ParOldGen       total 214016K, used 55284K [0x0000000740000000, 0x000000074d100000, 0x0000000795580000)
  object space 214016K, 25% used [0x0000000740000000,0x00000007435fd380,0x000000074d100000)
 Metaspace       used 8004K, capacity 8153K, committed 8320K, reserved 1056768K
  class space    used 811K, capacity 859K, committed 896K, reserved 1048576K
Event: 16.655 GC heap after
Heap after GC invocations=11 (full 4):
 PSYoungGen      total 173056K, used 0K [0x0000000795580000, 0x00000007a3500000, 0x00000007c0000000)
  eden space 122880K, 0% used [0x0000000795580000,0x0000000795580000,0x000000079cd80000)
  from space 50176K, 0% used [0x000000079cd80000,0x000000079cd80000,0x000000079fe80000)
  to   space 50176K, 0% used [0x00000007a0400000,0x00000007a0400000,0x00000007a3500000)
 ParOldGen       total 214016K, used 55323K [0x0000000740000000, 0x000000074d100000, 0x0000000795580000)
  object space 214016K, 25% used [0x0000000740000000,0x0000000743606c28,0x000000074d100000)
 Metaspace       used 8004K, capacity 8153K, committed 8320K, reserved 1056768K
  class space    used 811K, capacity 859K, committed 896K, reserved 1048576K
}

